#
# A fatal error has been detected by the Java Runtime Environment:
#
#  Internal Error (safepoint.cpp:712), pid=44759, tid=0x0000000000006c1b
#  fatal error: Illegal threadstate encountered: 4
#
# JRE version: Java(TM) SE Runtime Environment (8.0_111-b14) (build 1.8.0_111-b14)
# Java VM: Java HotSpot(TM) 64-Bit Server VM (25.111-b14 mixed mode bsd-amd64 compressed oops)
# Failed to write core dump. Core dumps have been disabled. To enable core dumping, try "ulimit -c unlimited" before starting Java again
#
# If you would like to submit a bug report, please visit:
#   http://bugreport.java.com/bugreport/crash.jsp
# The crash happened outside the Java Virtual Machine in native code.
# See problematic frame for where to report the bug.
#

---------------  T H R E A D  ---------------

Current thread (0x00007fb3e88e1800):  JavaThread "Thread-1" daemon [_thread_in_native, id=27675, stack(0x0000000309e33000,0x0000000309f33000)]

Stack: [0x0000000309e33000,0x0000000309f33000],  sp=0x0000000309f31cb0,  free space=1019k
Native frames: (J=compiled Java code, j=interpreted, Vv=VM code, C=native code)
V  [libjvm.dylib+0x5afbde]
V  [libjvm.dylib+0x1e74a3]
V  [libjvm.dylib+0x4e05b5]
V  [libjvm.dylib+0x56919e]
V  [libjvm.dylib+0x169b4e]
V  [libjvm.dylib+0x313641]
C  [libglass.dylib+0x463f]  -[GlassRunnable dealloc]+0x2f
C  [libobjc.A.dylib+0x291ee]  _ZN11objc_object17sidetable_releaseEbb+0xe8
C  [Foundation+0x80eab]  -[_NSThreadPerformInfo dealloc]+0x2a
C  [libobjc.A.dylib+0x291ee]  _ZN11objc_object17sidetable_releaseEbb+0xe8
C  [Foundation+0x4dcd7]  -[NSObject(NSThreadPerformAdditions) performSelectorOnMainThread:withObject:waitUntilDone:]+0x7c
J 2722  com.sun.glass.ui.mac.MacApplication._submitForLaterInvocation(Ljava/lang/Runnable;)V (0 bytes) @ 0x000000010dee347c [0x000000010dee33c0+0xbc]
J 2721 C1 com.sun.glass.ui.mac.MacApplication.submitForLaterInvocation(Ljava/lang/Runnable;)V (6 bytes) @ 0x000000010dee593c [0x000000010dee58c0+0x7c]
j  com.sun.glass.ui.InvokeLaterDispatcher.run()V+82
v  ~StubRoutines::call_stub
V  [libjvm.dylib+0x2ecf8a]
V  [libjvm.dylib+0x2ed718]
V  [libjvm.dylib+0x2ed8c4]
V  [libjvm.dylib+0x348039]
V  [libjvm.dylib+0x56a27b]
V  [libjvm.dylib+0x56b968]
V  [libjvm.dylib+0x489b0a]
C  [libsystem_pthread.dylib+0x64f4]  _pthread_start+0x7d
C  [libsystem_pthread.dylib+0x200f]  thread_start+0xf
C  0x0000000000000000

Java frames: (J=compiled Java code, j=interpreted, Vv=VM code)
J 2722  com.sun.glass.ui.mac.MacApplication._submitForLaterInvocation(Ljava/lang/Runnable;)V (0 bytes) @ 0x000000010dee340c [0x000000010dee33c0+0x4c]
J 2721 C1 com.sun.glass.ui.mac.MacApplication.submitForLaterInvocation(Ljava/lang/Runnable;)V (6 bytes) @ 0x000000010dee593c [0x000000010dee58c0+0x7c]
j  com.sun.glass.ui.InvokeLaterDispatcher.run()V+82
v  ~StubRoutines::call_stub

---------------  P R O C E S S  ---------------

Java Threads: ( => current thread )
  0x00007fb3e82b7800 JavaThread "Abandoned connection cleanup thread" daemon [_thread_blocked, id=66207, stack(0x000000030a3d7000,0x000000030a4d7000)]
  0x00007fb3e82b5000 JavaThread "Prism Font Disposer" daemon [_thread_blocked, id=56671, stack(0x000000030a1c5000,0x000000030a2c5000)]
  0x00007fb3e891f800 JavaThread "JavaFX-Launcher" [_thread_blocked, id=77099, stack(0x000000030a0c2000,0x000000030a1c2000)]
  0x00007fb3e891e000 JavaThread "Thread-3" daemon [_thread_blocked, id=83723, stack(0x0000000309f36000,0x0000000309fb6000)]
  0x00007fb3e8184000 JavaThread "JavaFX Application Thread" [_thread_in_native_trans, id=259, stack(0x0000000307fdc000,0x00000003087dc000)]
=>0x00007fb3e88e1800 JavaThread "Thread-1" daemon [_thread_in_native, id=27675, stack(0x0000000309e33000,0x0000000309f33000)]
  0x00007fb3e0038000 JavaThread "QuantumRenderer-0" daemon [_thread_in_Java, id=23363, stack(0x0000000309ca8000,0x0000000309da8000)]
  0x00007fb3e9846800 JavaThread "Service Thread" daemon [_thread_blocked, id=22279, stack(0x0000000309aa2000,0x0000000309ba2000)]
  0x00007fb3e9836000 JavaThread "C1 CompilerThread3" daemon [_thread_blocked, id=42243, stack(0x000000030999f000,0x0000000309a9f000)]
  0x00007fb3e880f800 JavaThread "C2 CompilerThread2" daemon [_thread_blocked, id=22019, stack(0x000000030989c000,0x000000030999c000)]
  0x00007fb3e982d000 JavaThread "C2 CompilerThread1" daemon [_thread_blocked, id=43267, stack(0x0000000309799000,0x0000000309899000)]
  0x00007fb3e8058000 JavaThread "C2 CompilerThread0" daemon [_thread_blocked, id=16131, stack(0x0000000309696000,0x0000000309796000)]
  0x00007fb3e982b000 JavaThread "Signal Dispatcher" daemon [_thread_blocked, id=15619, stack(0x0000000309593000,0x0000000309693000)]
  0x00007fb3e981b800 JavaThread "Finalizer" daemon [_thread_blocked, id=13851, stack(0x0000000309381000,0x0000000309481000)]
  0x00007fb3e804b800 JavaThread "Reference Handler" daemon [_thread_blocked, id=18979, stack(0x000000030927e000,0x000000030937e000)]
  0x00007fb3e980a800 JavaThread "main" [_thread_blocked, id=9731, stack(0x0000000308860000,0x0000000308960000)]

Other Threads:
  0x00007fb3e000b800 VMThread [stack: 0x000000030917b000,0x000000030927b000] [id=19203]
  0x00007fb3e980d800 WatcherThread [stack: 0x0000000309ba5000,0x0000000309ca5000] [id=41223]

VM state:synchronizing (normal execution)

VM Mutex/Monitor currently owned by a thread:  ([mutex/lock_event])
[0x0000600000408e80] Safepoint_lock - owner thread: 0x00007fb3e000b800
[0x0000600000408f00] Threads_lock - owner thread: 0x00007fb3e000b800

Heap:
 PSYoungGen      total 71680K, used 31653K [0x0000000795580000, 0x000000079e180000, 0x00000007c0000000)
  eden space 66560K, 47% used [0x0000000795580000,0x0000000797469690,0x0000000799680000)
  from space 5120K, 0% used [0x0000000799680000,0x0000000799680000,0x0000000799b80000)
  to   space 5120K, 0% used [0x000000079dc80000,0x000000079dc80000,0x000000079e180000)
 ParOldGen       total 57856K, used 12467K [0x0000000740000000, 0x0000000743880000, 0x0000000795580000)
  object space 57856K, 21% used [0x0000000740000000,0x0000000740c2cca0,0x0000000743880000)
 Metaspace       used 21250K, capacity 22176K, committed 22272K, reserved 1069056K
  class space    used 2784K, capacity 3015K, committed 3072K, reserved 1048576K

Card table byte_map: [0x000000010ad64000,0x000000010b165000] byte_map_base: 0x0000000107364000

Marking Bits: (ParMarkBitMap*) 0x000000010c0dfd20
 Begin Bits: [0x000000011c678000, 0x000000011e678000)
 End Bits:   [0x000000011e678000, 0x0000000120678000)

Polling page: 0x000000010a88f000

CodeCache: size=245760Kb used=11468Kb max_used=11478Kb free=234291Kb
 bounds [0x000000010d678000, 0x000000010e1b8000, 0x000000011c678000]
 total_blobs=4232 nmethods=3516 adapters=628
 compilation: enabled

Compilation events (10 events):
Event: 52.649 Thread 0x00007fb3e9836000 3541       3       java.util.ArrayDeque::remove (5 bytes)
Event: 52.650 Thread 0x00007fb3e9836000 nmethod 3541 0x000000010e1b1490 code [0x000000010e1b1620, 0x000000010e1b1918]
Event: 52.650 Thread 0x00007fb3e9836000 3542       3       java.util.ArrayDeque::removeFirst (19 bytes)
Event: 52.651 Thread 0x00007fb3e9836000 nmethod 3542 0x000000010e1b4590 code [0x000000010e1b4720, 0x000000010e1b49b8]
Event: 52.677 Thread 0x00007fb3e8058000 3543       4       javafx.scene.layout.Pane::getChildren (5 bytes)
Event: 52.678 Thread 0x00007fb3e8058000 nmethod 3543 0x000000010d782810 code [0x000000010d782960, 0x000000010d7829d8]
Event: 52.746 Thread 0x00007fb3e880f800 3544       4       java.util.WeakHashMap::<init> (133 bytes)
Event: 52.754 Thread 0x00007fb3e880f800 nmethod 3544 0x000000010e1b2310 code [0x000000010e1b24a0, 0x000000010e1b2868]
Event: 53.146 Thread 0x00007fb3e9836000 3545       3       java.util.Arrays::sort (47 bytes)
Event: 53.147 Thread 0x00007fb3e9836000 nmethod 3545 0x000000010e1b5a50 code [0x000000010e1b5c00, 0x000000010e1b6038]

GC Heap History (8 events):
Event: 1.497 GC heap before
{Heap before GC invocations=1 (full 0):
 PSYoungGen      total 38400K, used 33280K [0x0000000795580000, 0x0000000798000000, 0x00000007c0000000)
  eden space 33280K, 100% used [0x0000000795580000,0x0000000797600000,0x0000000797600000)
  from space 5120K, 0% used [0x0000000797b00000,0x0000000797b00000,0x0000000798000000)
  to   space 5120K, 0% used [0x0000000797600000,0x0000000797600000,0x0000000797b00000)
 ParOldGen       total 87552K, used 0K [0x0000000740000000, 0x0000000745580000, 0x0000000795580000)
  object space 87552K, 0% used [0x0000000740000000,0x0000000740000000,0x0000000745580000)
 Metaspace       used 16073K, capacity 16772K, committed 16896K, reserved 1062912K
  class space    used 2358K, capacity 2522K, committed 2560K, reserved 1048576K
Event: 1.520 GC heap after
Heap after GC invocations=1 (full 0):
 PSYoungGen      total 38400K, used 5096K [0x0000000795580000, 0x000000079a080000, 0x00000007c0000000)
  eden space 33280K, 0% used [0x0000000795580000,0x0000000795580000,0x0000000797600000)
  from space 5120K, 99% used [0x0000000797600000,0x0000000797afa290,0x0000000797b00000)
  to   space 5120K, 0% used [0x0000000799b80000,0x0000000799b80000,0x000000079a080000)
 ParOldGen       total 87552K, used 172K [0x0000000740000000, 0x0000000745580000, 0x0000000795580000)
  object space 87552K, 0% used [0x0000000740000000,0x000000074002b010,0x0000000745580000)
 Metaspace       used 16073K, capacity 16772K, committed 16896K, reserved 1062912K
  class space    used 2358K, capacity 2522K, committed 2560K, reserved 1048576K
}
Event: 4.625 GC heap before
{Heap before GC invocations=2 (full 0):
 PSYoungGen      total 38400K, used 38376K [0x0000000795580000, 0x000000079a080000, 0x00000007c0000000)
  eden space 33280K, 100% used [0x0000000795580000,0x0000000797600000,0x0000000797600000)
  from space 5120K, 99% used [0x0000000797600000,0x0000000797afa290,0x0000000797b00000)
  to   space 5120K, 0% used [0x0000000799b80000,0x0000000799b80000,0x000000079a080000)
 ParOldGen       total 87552K, used 172K [0x0000000740000000, 0x0000000745580000, 0x0000000795580000)
  object space 87552K, 0% used [0x0000000740000000,0x000000074002b010,0x0000000745580000)
 Metaspace       used 20345K, capacity 21156K, committed 21248K, reserved 1067008K
  class space    used 2760K, capacity 2987K, committed 3072K, reserved 1048576K
Event: 4.663 GC heap after
Heap after GC invocations=2 (full 0):
 PSYoungGen      total 71680K, used 5095K [0x0000000795580000, 0x000000079a080000, 0x00000007c0000000)
  eden space 66560K, 0% used [0x0000000795580000,0x0000000795580000,0x0000000799680000)
  from space 5120K, 99% used [0x0000000799b80000,0x000000079a079e50,0x000000079a080000)
  to   space 5120K, 0% used [0x0000000799680000,0x0000000799680000,0x0000000799b80000)
 ParOldGen       total 87552K, used 9604K [0x0000000740000000, 0x0000000745580000, 0x0000000795580000)
  object space 87552K, 10% used [0x0000000740000000,0x0000000740961338,0x0000000745580000)
 Metaspace       used 20345K, capacity 21156K, committed 21248K, reserved 1067008K
  class space    used 2760K, capacity 2987K, committed 3072K, reserved 1048576K
}
Event: 4.667 GC heap before
{Heap before GC invocations=3 (full 0):
 PSYoungGen      total 71680K, used 6202K [0x0000000795580000, 0x000000079a080000, 0x00000007c0000000)
  eden space 66560K, 1% used [0x0000000795580000,0x0000000795694a70,0x0000000799680000)
  from space 5120K, 99% used [0x0000000799b80000,0x000000079a079e50,0x000000079a080000)
  to   space 5120K, 0% used [0x0000000799680000,0x0000000799680000,0x0000000799b80000)
 ParOldGen       total 87552K, used 9604K [0x0000000740000000, 0x0000000745580000, 0x0000000795580000)
  object space 87552K, 10% used [0x0000000740000000,0x0000000740961338,0x0000000745580000)
 Metaspace       used 20348K, capacity 21156K, committed 21248K, reserved 1067008K
  class space    used 2760K, capacity 2987K, committed 3072K, reserved 1048576K
Event: 4.674 GC heap after
Heap after GC invocations=3 (full 0):
 PSYoungGen      total 71680K, used 5088K [0x0000000795580000, 0x000000079e180000, 0x00000007c0000000)
  eden space 66560K, 0% used [0x0000000795580000,0x0000000795580000,0x0000000799680000)
  from space 5120K, 99% used [0x0000000799680000,0x0000000799b78280,0x0000000799b80000)
  to   space 5120K, 0% used [0x000000079dc80000,0x000000079dc80000,0x000000079e180000)
 ParOldGen       total 87552K, used 9692K [0x0000000740000000, 0x0000000745580000, 0x0000000795580000)
  object space 87552K, 11% used [0x0000000740000000,0x0000000740977338,0x0000000745580000)
 Metaspace       used 20348K, capacity 21156K, committed 21248K, reserved 1067008K
  class space    used 2760K, capacity 2987K, committed 3072K, reserved 1048576K
}
Event: 4.674 GC heap before
{Heap before GC invocations=4 (full 1):
 PSYoungGen      total 71680K, used 5088K [0x0000000795580000, 0x000000079e180000, 0x00000007c0000000)
  eden space 66560K, 0% used [0x0000000795580000,0x0000000795580000,0x0000000799680000)
  from space 5120K, 99% used [0x0000000799680000,0x0000000799b78280,0x0000000799b80000)
  to   space 5120K, 0% used [0x000000079dc80000,0x000000079dc80000,0x000000079e180000)
 ParOldGen       total 87552K, used 9692K [0x0000000740000000, 0x0000000745580000, 0x0000000795580000)
  object space 87552K, 11% used [0x0000000740000000,0x0000000740977338,0x0000000745580000)
 Metaspace       used 20348K, capacity 21156K, committed 21248K, reserved 1067008K
  class space    used 2760K, capacity 2987K, committed 3072K, reserved 1048576K
Event: 4.692 GC heap after
Heap after GC invocations=4 (full 1):
 PSYoungGen      total 71680K, used 0K [0x0000000795580000, 0x000000079e180000, 0x00000007c0000000)
  eden space 66560K, 0% used [0x0000000795580000,0x0000000795580000,0x0000000799680000)
  from space 5120K, 0% used [0x0000000799680000,0x0000000799680000,0x0000000799b80000)
  to   space 5120K, 0% used [0x000000079dc80000,0x000000079dc80000,0x000000079e180000)
 ParOldGen       total 57856K, used 12467K [0x0000000740000000, 0x0000000743880000, 0x0000000795580000)
  object space 57856K, 21% used [0x0000000740000000,0x0000000740c2cca0,0x0000000743880000)
 Metaspace       used 20348K, capacity 21156K, committed 21248K, reserved 1067008K
  class space    used 2760K, capacity 2987K, committed 3072K, reserved 1048576K
}

Deoptimization events (10 events):
Event: 2.661 Thread 0x00007fb3e8184000 Uncommon trap: reason=unstable_if action=reinterpret pc=0x000000010d8e5e74 method=java.lang.AbstractStringBuilder.append(Ljava/lang/String;)Ljava/lang/AbstractStringBuilder; @ 1
Event: 2.663 Thread 0x00007fb3e8184000 Uncommon trap: reason=unstable_if action=reinterpret pc=0x000000010da2b1d0 method=sun.nio.cs.UTF_8$Decoder.decode([BII[C)I @ 30
Event: 2.669 Thread 0x00007fb3e8184000 Uncommon trap: reason=unstable_if action=reinterpret pc=0x000000010db756c4 method=java.util.zip.ZipCoder.decoder()Ljava/nio/charset/CharsetDecoder; @ 4
Event: 2.919 Thread 0x00007fb3e8184000 Uncommon trap: reason=unstable_if action=reinterpret pc=0x000000010da82fb0 method=java.io.ByteArrayInputStream.read()I @ 8
Event: 2.969 Thread 0x00007fb3e8184000 Uncommon trap: reason=unstable_if action=reinterpret pc=0x000000010dc0e268 method=com.sun.javafx.image.impl.ByteBgra$ToByteBgraPreConv.doConvert([BII[BIIII)V @ 75
Event: 2.969 Thread 0x00007fb3e8184000 Uncommon trap: reason=unstable_if action=reinterpret pc=0x000000010dc0c1a0 method=com.sun.javafx.image.impl.BaseByteToByteConverter$FourByteReorderer.doConvert([BII[BIIII)V @ 31
Event: 4.580 Thread 0x00007fb3e8184000 Uncommon trap: reason=array_check action=maybe_recompile pc=0x000000010de04678 method=com.sun.javafx.css.SimpleSelector.applies(Ljavafx/css/Styleable;[Ljava/util/Set;I)Z @ 37
Event: 4.580 Thread 0x00007fb3e8184000 Uncommon trap: reason=array_check action=maybe_recompile pc=0x000000010de04678 method=com.sun.javafx.css.SimpleSelector.applies(Ljavafx/css/Styleable;[Ljava/util/Set;I)Z @ 37
Event: 4.580 Thread 0x00007fb3e8184000 Uncommon trap: reason=array_check action=maybe_recompile pc=0x000000010de04678 method=com.sun.javafx.css.SimpleSelector.applies(Ljavafx/css/Styleable;[Ljava/util/Set;I)Z @ 37
Event: 4.581 Thread 0x00007fb3e8184000 Uncommon trap: reason=array_check action=maybe_recompile pc=0x000000010de04678 method=com.sun.javafx.css.SimpleSelector.applies(Ljavafx/css/Styleable;[Ljava/util/Set;I)Z @ 37

Internal exceptions (10 events):
Event: 3.080 Thread 0x00007fb3e8184000 Exception <a 'java/io/FileNotFoundException'> (0x0000000796e5a520) thrown at [/Users/java_re/workspace/8-2-build-macosx-x86_64/jdk8u111/7883/hotspot/src/share/vm/prims/jni.cpp, line 709]
Event: 3.111 Thread 0x00007fb3e8184000 Exception <a 'java/io/FileNotFoundException'> (0x0000000796f873a8) thrown at [/Users/java_re/workspace/8-2-build-macosx-x86_64/jdk8u111/7883/hotspot/src/share/vm/prims/jni.cpp, line 709]
Event: 27.146 Thread 0x00007fb3e8184000 Exception <a 'java/io/FileNotFoundException'> (0x00000007964f6388) thrown at [/Users/java_re/workspace/8-2-build-macosx-x86_64/jdk8u111/7883/hotspot/src/share/vm/prims/jni.cpp, line 709]
Event: 27.160 Thread 0x00007fb3e8184000 Exception <a 'java/io/FileNotFoundException'> (0x000000079662d500) thrown at [/Users/java_re/workspace/8-2-build-macosx-x86_64/jdk8u111/7883/hotspot/src/share/vm/prims/jni.cpp, line 709]
Event: 27.176 Thread 0x00007fb3e8184000 Exception <a 'java/io/FileNotFoundException'> (0x00000007968427c8) thrown at [/Users/java_re/workspace/8-2-build-macosx-x86_64/jdk8u111/7883/hotspot/src/share/vm/prims/jni.cpp, line 709]
Event: 27.189 Thread 0x00007fb3e8184000 Exception <a 'java/io/FileNotFoundException'> (0x000000079696ddd0) thrown at [/Users/java_re/workspace/8-2-build-macosx-x86_64/jdk8u111/7883/hotspot/src/share/vm/prims/jni.cpp, line 709]
Event: 27.201 Thread 0x00007fb3e8184000 Exception <a 'java/io/FileNotFoundException'> (0x0000000796b851a8) thrown at [/Users/java_re/workspace/8-2-build-macosx-x86_64/jdk8u111/7883/hotspot/src/share/vm/prims/jni.cpp, line 709]
Event: 27.217 Thread 0x00007fb3e8184000 Exception <a 'java/io/FileNotFoundException'> (0x0000000796caf430) thrown at [/Users/java_re/workspace/8-2-build-macosx-x86_64/jdk8u111/7883/hotspot/src/share/vm/prims/jni.cpp, line 709]
Event: 27.232 Thread 0x00007fb3e8184000 Exception <a 'java/io/FileNotFoundException'> (0x0000000796ecc048) thrown at [/Users/java_re/workspace/8-2-build-macosx-x86_64/jdk8u111/7883/hotspot/src/share/vm/prims/jni.cpp, line 709]
Event: 27.238 Thread 0x00007fb3e8184000 Exception <a 'java/io/FileNotFoundException'> (0x0000000796ff4dc0) thrown at [/Users/java_re/workspace/8-2-build-macosx-x86_64/jdk8u111/7883/hotspot/src/share/vm/prims/jni.cpp, line 709]

Events (10 events):
Event: 52.050 loading class javafx/geometry/Button
Event: 52.050 loading class javafx/geometry/Button done
Event: 52.050 loading class java/lang/Button
Event: 52.051 loading class java/lang/Button done
Event: 52.051 loading class java/util/Button
Event: 52.051 loading class java/util/Button done
Event: 52.051 loading class javafx/scene/Button
Event: 52.051 loading class javafx/scene/Button done
Event: 52.141 Executing VM operation: RevokeBias
Event: 52.142 Executing VM operation: RevokeBias done


Dynamic libraries:
0x0000000003ad4000 	/System/Library/Frameworks/Cocoa.framework/Versions/A/Cocoa
0x0000000003ad4000 	/System/Library/Frameworks/AppKit.framework/Versions/C/AppKit
0x0000000003ad4000 	/System/Library/Frameworks/CoreData.framework/Versions/A/CoreData
0x0000000003ad4000 	/System/Library/Frameworks/Foundation.framework/Versions/C/Foundation
0x0000000003ad4000 	/usr/lib/libSystem.B.dylib
0x0000000003ad4000 	/System/Library/PrivateFrameworks/UIFoundation.framework/Versions/A/UIFoundation
0x0000000003ad4000 	/System/Library/PrivateFrameworks/RemoteViewServices.framework/Versions/A/RemoteViewServices
0x0000000003ad4000 	/System/Library/PrivateFrameworks/XCTTargetBootstrap.framework/Versions/A/XCTTargetBootstrap
0x0000000003ad4000 	/System/Library/PrivateFrameworks/InternationalSupport.framework/Versions/A/InternationalSupport
0x0000000003ad4000 	/System/Library/PrivateFrameworks/UserActivity.framework/Versions/A/UserActivity
0x0000000003ad4000 	/usr/lib/libspindump.dylib
0x0000000003ad4000 	/System/Library/Frameworks/UniformTypeIdentifiers.framework/Versions/A/UniformTypeIdentifiers
0x0000000003ad4000 	/usr/lib/libapp_launch_measurement.dylib
0x0000000003ad4000 	/System/Library/PrivateFrameworks/CoreAnalytics.framework/Versions/A/CoreAnalytics
0x0000000003ad4000 	/System/Library/PrivateFrameworks/CoreAutoLayout.framework/Versions/A/CoreAutoLayout
0x0000000003ad4000 	/System/Library/Frameworks/Metal.framework/Versions/A/Metal
0x0000000003ad4000 	/usr/lib/liblangid.dylib
0x0000000003ad4000 	/System/Library/PrivateFrameworks/CoreSVG.framework/Versions/A/CoreSVG
0x0000000003ad4000 	/System/Library/PrivateFrameworks/SkyLight.framework/Versions/A/SkyLight
0x0000000003ad4000 	/System/Library/Frameworks/CoreGraphics.framework/Versions/A/CoreGraphics
0x0000000003ad4000 	/System/Library/Frameworks/Accelerate.framework/Versions/A/Accelerate
0x0000000003ad4000 	/System/Library/PrivateFrameworks/IconServices.framework/Versions/A/IconServices
0x0000000003ad4000 	/System/Library/Frameworks/IOSurface.framework/Versions/A/IOSurface
0x0000000003ad4000 	/usr/lib/libDiagnosticMessagesClient.dylib
0x0000000003ad4000 	/usr/lib/libz.1.dylib
0x0000000003ad4000 	/System/Library/Frameworks/ApplicationServices.framework/Versions/A/ApplicationServices
0x0000000003ad4000 	/System/Library/PrivateFrameworks/DFRFoundation.framework/Versions/A/DFRFoundation
0x0000000003ad4000 	/usr/lib/libicucore.A.dylib
0x0000000003ad4000 	/System/Library/Frameworks/AudioToolbox.framework/Versions/A/AudioToolbox
0x0000000003ad4000 	/System/Library/PrivateFrameworks/DataDetectorsCore.framework/Versions/A/DataDetectorsCore
0x0000000003ad4000 	/System/Library/PrivateFrameworks/TextInput.framework/Versions/A/TextInput
0x0000000003ad4000 	/usr/lib/libMobileGestalt.dylib
0x0000000003ad4000 	/System/Library/Frameworks/Carbon.framework/Versions/A/Frameworks/HIToolbox.framework/Versions/A/HIToolbox
0x0000000003ad4000 	/System/Library/Frameworks/QuartzCore.framework/Versions/A/QuartzCore
0x0000000003ad4000 	/System/Library/Frameworks/Security.framework/Versions/A/Security
0x0000000003ad4000 	/System/Library/Frameworks/Carbon.framework/Versions/A/Frameworks/SpeechRecognition.framework/Versions/A/SpeechRecognition
0x0000000003ad4000 	/System/Library/PrivateFrameworks/CoreUI.framework/Versions/A/CoreUI
0x0000000003ad4000 	/System/Library/Frameworks/CoreAudio.framework/Versions/A/CoreAudio
0x0000000003ad4000 	/System/Library/Frameworks/DiskArbitration.framework/Versions/A/DiskArbitration
0x0000000003ad4000 	/System/Library/PrivateFrameworks/MultitouchSupport.framework/Versions/A/MultitouchSupport
0x0000000003ad4000 	/usr/lib/libenergytrace.dylib
0x0000000003ad4000 	/System/Library/Frameworks/IOKit.framework/Versions/A/IOKit
0x0000000003ad4000 	/System/Library/Frameworks/CoreServices.framework/Versions/A/CoreServices
0x0000000003ad4000 	/System/Library/PrivateFrameworks/PerformanceAnalysis.framework/Versions/A/PerformanceAnalysis
0x0000000003ad4000 	/System/Library/Frameworks/OpenGL.framework/Versions/A/OpenGL
0x0000000003ad4000 	/System/Library/PrivateFrameworks/MobileKeyBag.framework/Versions/A/MobileKeyBag
0x0000000003ad4000 	/usr/lib/libobjc.A.dylib
0x0000000003ad4000 	/System/Library/Frameworks/ColorSync.framework/Versions/A/ColorSync
0x0000000003ad4000 	/System/Library/Frameworks/CoreFoundation.framework/Versions/A/CoreFoundation
0x0000000003ad4000 	/System/Library/Frameworks/CoreImage.framework/Versions/A/CoreImage
0x0000000003ad4000 	/System/Library/Frameworks/CoreText.framework/Versions/A/CoreText
0x0000000003ad4000 	/System/Library/Frameworks/ImageIO.framework/Versions/A/ImageIO
0x0000000003ad4000 	/System/Library/PrivateFrameworks/SoftLinking.framework/Versions/A/SoftLinking
0x0000000003ad4000 	/usr/lib/libxml2.2.dylib
0x0000000003ad4000 	/usr/lib/libc++.1.dylib
0x0000000003ad4000 	/usr/lib/libcompression.dylib
0x0000000003ad4000 	/System/Library/PrivateFrameworks/TextureIO.framework/Versions/A/TextureIO
0x0000000003ad4000 	/usr/lib/libate.dylib
0x0000000003ad4000 	/usr/lib/system/libcache.dylib
0x0000000003ad4000 	/usr/lib/system/libcommonCrypto.dylib
0x0000000003ad4000 	/usr/lib/system/libcompiler_rt.dylib
0x0000000003ad4000 	/usr/lib/system/libcopyfile.dylib
0x0000000003ad4000 	/usr/lib/system/libcorecrypto.dylib
0x0000000003ad4000 	/usr/lib/system/libdispatch.dylib
0x0000000003ad4000 	/usr/lib/system/libdyld.dylib
0x0000000003ad4000 	/usr/lib/system/libkeymgr.dylib
0x0000000003ad4000 	/usr/lib/system/libmacho.dylib
0x0000000003ad4000 	/usr/lib/system/libquarantine.dylib
0x0000000003ad4000 	/usr/lib/system/libremovefile.dylib
0x0000000003ad4000 	/usr/lib/system/libsystem_asl.dylib
0x0000000003ad4000 	/usr/lib/system/libsystem_blocks.dylib
0x0000000003ad4000 	/usr/lib/system/libsystem_c.dylib
0x0000000003ad4000 	/usr/lib/system/libsystem_collections.dylib
0x0000000003ad4000 	/usr/lib/system/libsystem_configuration.dylib
0x0000000003ad4000 	/usr/lib/system/libsystem_containermanager.dylib
0x0000000003ad4000 	/usr/lib/system/libsystem_coreservices.dylib
0x0000000003ad4000 	/usr/lib/system/libsystem_darwin.dylib
0x0000000003ad4000 	/usr/lib/system/libsystem_dnssd.dylib
0x0000000003ad4000 	/usr/lib/system/libsystem_featureflags.dylib
0x0000000003ad4000 	/usr/lib/system/libsystem_info.dylib
0x0000000003ad4000 	/usr/lib/system/libsystem_m.dylib
0x0000000003ad4000 	/usr/lib/system/libsystem_malloc.dylib
0x0000000003ad4000 	/usr/lib/system/libsystem_networkextension.dylib
0x0000000003ad4000 	/usr/lib/system/libsystem_notify.dylib
0x0000000003ad4000 	/usr/lib/system/libsystem_product_info_filter.dylib
0x0000000003ad4000 	/usr/lib/system/libsystem_sandbox.dylib
0x0000000003ad4000 	/usr/lib/system/libsystem_secinit.dylib
0x0000000003ad4000 	/usr/lib/system/libsystem_kernel.dylib
0x0000000003ad4000 	/usr/lib/system/libsystem_platform.dylib
0x0000000003ad4000 	/usr/lib/system/libsystem_pthread.dylib
0x0000000003ad4000 	/usr/lib/system/libsystem_symptoms.dylib
0x0000000003ad4000 	/usr/lib/system/libsystem_trace.dylib
0x0000000003ad4000 	/usr/lib/system/libunwind.dylib
0x0000000003ad4000 	/usr/lib/system/libxpc.dylib
0x0000000003ad4000 	/usr/lib/libc++abi.dylib
0x0000000003ad4000 	/usr/lib/liboah.dylib
0x0000000003ad4000 	/usr/lib/liblzma.5.dylib
0x0000000003ad4000 	/System/Library/Frameworks/SystemConfiguration.framework/Versions/A/SystemConfiguration
0x0000000003ad4000 	/usr/lib/libfakelink.dylib
0x0000000003ad4000 	/System/Library/Frameworks/CFNetwork.framework/Versions/A/CFNetwork
0x0000000003ad4000 	/usr/lib/libarchive.2.dylib
0x0000000003ad4000 	/System/Library/PrivateFrameworks/AppleSystemInfo.framework/Versions/A/AppleSystemInfo
0x0000000003ad4000 	/usr/lib/libbsm.0.dylib
0x0000000003ad4000 	/usr/lib/libnetwork.dylib
0x0000000003ad4000 	/usr/lib/system/libkxld.dylib
0x0000000003ad4000 	/System/Library/PrivateFrameworks/IOMobileFramebuffer.framework/Versions/A/IOMobileFramebuffer
0x0000000003ad4000 	/usr/lib/libCoreEntitlements.dylib
0x0000000003ad4000 	/System/Library/PrivateFrameworks/AppleFSCompression.framework/Versions/A/AppleFSCompression
0x0000000003ad4000 	/usr/lib/libcoretls.dylib
0x0000000003ad4000 	/usr/lib/libcoretls_cfhelpers.dylib
0x0000000003ad4000 	/usr/lib/libpam.2.dylib
0x0000000003ad4000 	/usr/lib/libsqlite3.dylib
0x0000000003ad4000 	/usr/lib/libxar.1.dylib
0x0000000003ad4000 	/usr/lib/libbz2.1.0.dylib
0x0000000003ad4000 	/usr/lib/libpcap.A.dylib
0x0000000003ad4000 	/usr/lib/libdns_services.dylib
0x0000000003ad4000 	/usr/lib/libapple_nghttp2.dylib
0x0000000003ad4000 	/usr/lib/libiconv.2.dylib
0x0000000003ad4000 	/usr/lib/libcharset.1.dylib
0x0000000003ad4000 	/System/Library/Frameworks/CoreServices.framework/Versions/A/Frameworks/FSEvents.framework/Versions/A/FSEvents
0x0000000003ad4000 	/System/Library/Frameworks/CoreServices.framework/Versions/A/Frameworks/CarbonCore.framework/Versions/A/CarbonCore
0x0000000003ad4000 	/System/Library/Frameworks/CoreServices.framework/Versions/A/Frameworks/Metadata.framework/Versions/A/Metadata
0x0000000003ad4000 	/System/Library/Frameworks/CoreServices.framework/Versions/A/Frameworks/OSServices.framework/Versions/A/OSServices
0x0000000003ad4000 	/System/Library/Frameworks/CoreServices.framework/Versions/A/Frameworks/SearchKit.framework/Versions/A/SearchKit
0x0000000003ad4000 	/System/Library/Frameworks/CoreServices.framework/Versions/A/Frameworks/AE.framework/Versions/A/AE
0x0000000003ad4000 	/System/Library/Frameworks/CoreServices.framework/Versions/A/Frameworks/LaunchServices.framework/Versions/A/LaunchServices
0x0000000003ad4000 	/System/Library/Frameworks/CoreServices.framework/Versions/A/Frameworks/DictionaryServices.framework/Versions/A/DictionaryServices
0x0000000003ad4000 	/System/Library/Frameworks/CoreServices.framework/Versions/A/Frameworks/SharedFileList.framework/Versions/A/SharedFileList
0x0000000003ad4000 	/usr/lib/libCheckFix.dylib
0x0000000003ad4000 	/System/Library/PrivateFrameworks/TCC.framework/Versions/A/TCC
0x0000000003ad4000 	/System/Library/PrivateFrameworks/CoreNLP.framework/Versions/A/CoreNLP
0x0000000003ad4000 	/System/Library/PrivateFrameworks/MetadataUtilities.framework/Versions/A/MetadataUtilities
0x0000000003ad4000 	/usr/lib/libmecabra.dylib
0x0000000003ad4000 	/usr/lib/libmecab.dylib
0x0000000003ad4000 	/usr/lib/libCRFSuite.dylib
0x0000000003ad4000 	/usr/lib/libgermantok.dylib
0x0000000003ad4000 	/usr/lib/libThaiTokenizer.dylib
0x0000000003ad4000 	/System/Library/Frameworks/Accelerate.framework/Versions/A/Frameworks/vImage.framework/Versions/A/vImage
0x0000000003ad4000 	/System/Library/Frameworks/Accelerate.framework/Versions/A/Frameworks/vecLib.framework/Versions/A/vecLib
0x0000000003ad4000 	/System/Library/Frameworks/Accelerate.framework/Versions/A/Frameworks/vecLib.framework/Versions/A/libvMisc.dylib
0x0000000003ad4000 	/System/Library/Frameworks/Accelerate.framework/Versions/A/Frameworks/vecLib.framework/Versions/A/libvDSP.dylib
0x0000000003ad4000 	/System/Library/Frameworks/Accelerate.framework/Versions/A/Frameworks/vecLib.framework/Versions/A/libBLAS.dylib
0x0000000003ad4000 	/System/Library/Frameworks/Accelerate.framework/Versions/A/Frameworks/vecLib.framework/Versions/A/libLAPACK.dylib
0x0000000003ad4000 	/System/Library/Frameworks/Accelerate.framework/Versions/A/Frameworks/vecLib.framework/Versions/A/libLinearAlgebra.dylib
0x0000000003ad4000 	/System/Library/Frameworks/Accelerate.framework/Versions/A/Frameworks/vecLib.framework/Versions/A/libSparseBLAS.dylib
0x0000000003ad4000 	/System/Library/Frameworks/Accelerate.framework/Versions/A/Frameworks/vecLib.framework/Versions/A/libQuadrature.dylib
0x0000000003ad4000 	/System/Library/Frameworks/Accelerate.framework/Versions/A/Frameworks/vecLib.framework/Versions/A/libBNNS.dylib
0x0000000003ad4000 	/System/Library/Frameworks/Accelerate.framework/Versions/A/Frameworks/vecLib.framework/Versions/A/libSparse.dylib
0x0000000003ad4000 	/System/Library/PrivateFrameworks/LinguisticData.framework/Versions/A/LinguisticData
0x0000000003ad4000 	/System/Library/PrivateFrameworks/Lexicon.framework/Versions/A/Lexicon
0x0000000003ad4000 	/usr/lib/libChineseTokenizer.dylib
0x0000000003ad4000 	/System/Library/PrivateFrameworks/LanguageModeling.framework/Versions/A/LanguageModeling
0x0000000003ad4000 	/System/Library/PrivateFrameworks/AppleSauce.framework/Versions/A/AppleSauce
0x0000000003ad4000 	/System/Library/PrivateFrameworks/CoreEmoji.framework/Versions/A/CoreEmoji
0x0000000003ad4000 	/usr/lib/libcmph.dylib
0x0000000003ad4000 	/System/Library/Frameworks/OpenDirectory.framework/Versions/A/Frameworks/CFOpenDirectory.framework/Versions/A/CFOpenDirectory
0x0000000003ad4000 	/System/Library/Frameworks/OpenDirectory.framework/Versions/A/OpenDirectory
0x0000000003ad4000 	/System/Library/PrivateFrameworks/APFS.framework/Versions/A/APFS
0x0000000003ad4000 	/System/Library/Frameworks/SecurityFoundation.framework/Versions/A/SecurityFoundation
0x0000000003ad4000 	/usr/lib/libutil.dylib
0x0000000003ad4000 	/System/Library/PrivateFrameworks/CoreServicesStore.framework/Versions/A/CoreServicesStore
0x0000000003ad4000 	/usr/lib/libxslt.1.dylib
0x0000000003ad4000 	/System/Library/PrivateFrameworks/BackgroundTaskManagement.framework/Versions/A/BackgroundTaskManagement
0x0000000003ad4000 	/System/Library/Frameworks/ImageIO.framework/Versions/A/Resources/libRadiance.dylib
0x0000000003ad4000 	/System/Library/Frameworks/ImageIO.framework/Versions/A/Resources/libJPEG.dylib
0x0000000003ad4000 	/System/Library/Frameworks/ImageIO.framework/Versions/A/Resources/libPng.dylib
0x0000000003ad4000 	/System/Library/Frameworks/ImageIO.framework/Versions/A/Resources/libTIFF.dylib
0x0000000003ad4000 	/System/Library/Frameworks/ImageIO.framework/Versions/A/Resources/libGIF.dylib
0x0000000003ad4000 	/System/Library/Frameworks/ImageIO.framework/Versions/A/Resources/libJP2.dylib
0x0000000003ad4000 	/usr/lib/libexpat.1.dylib
0x0000000003ad4000 	/System/Library/PrivateFrameworks/AppleJPEG.framework/Versions/A/AppleJPEG
0x0000000003ad4000 	/System/Library/PrivateFrameworks/FontServices.framework/libFontParser.dylib
0x0000000003ad4000 	/System/Library/PrivateFrameworks/RunningBoardServices.framework/Versions/A/RunningBoardServices
0x0000000003ad4000 	/System/Library/PrivateFrameworks/IOSurfaceAccelerator.framework/Versions/A/IOSurfaceAccelerator
0x0000000003ad4000 	/System/Library/PrivateFrameworks/WatchdogClient.framework/Versions/A/WatchdogClient
0x0000000003ad4000 	/System/Library/Frameworks/CoreDisplay.framework/Versions/A/CoreDisplay
0x0000000003ad4000 	/System/Library/Frameworks/CoreMedia.framework/Versions/A/CoreMedia
0x0000000003ad4000 	/System/Library/PrivateFrameworks/IOAccelerator.framework/Versions/A/IOAccelerator
0x0000000003ad4000 	/System/Library/Frameworks/CoreVideo.framework/Versions/A/CoreVideo
0x0000000003ad4000 	/System/Library/Frameworks/MetalPerformanceShaders.framework/Versions/A/MetalPerformanceShaders
0x0000000003ad4000 	/System/Library/Frameworks/VideoToolbox.framework/Versions/A/VideoToolbox
0x0000000003ad4000 	/System/Library/PrivateFrameworks/BaseBoard.framework/Versions/A/BaseBoard
0x0000000003ad4000 	/System/Library/PrivateFrameworks/ProtocolBuffer.framework/Versions/A/ProtocolBuffer
0x0000000003ad4000 	/System/Library/PrivateFrameworks/GPUWrangler.framework/Versions/A/GPUWrangler
0x0000000003ad4000 	/System/Library/PrivateFrameworks/IOPresentment.framework/Versions/A/IOPresentment
0x0000000003ad4000 	/System/Library/PrivateFrameworks/DSExternalDisplay.framework/Versions/A/DSExternalDisplay
0x0000000003ad4000 	/System/Library/Frameworks/OpenGL.framework/Versions/A/Libraries/libCoreFSCache.dylib
0x0000000003ad4000 	/System/Library/PrivateFrameworks/GPUCompiler.framework/Versions/31001/Libraries/libGPUCompilerUtils.dylib
0x0000000003ad4000 	/System/Library/PrivateFrameworks/CMCaptureCore.framework/Versions/A/CMCaptureCore
0x0000000003ad4000 	/System/Library/PrivateFrameworks/AppServerSupport.framework/Versions/A/AppServerSupport
0x0000000003ad4000 	/System/Library/PrivateFrameworks/perfdata.framework/Versions/A/perfdata
0x0000000003ad4000 	/System/Library/PrivateFrameworks/AudioToolboxCore.framework/Versions/A/AudioToolboxCore
0x0000000003ad4000 	/System/Library/PrivateFrameworks/caulk.framework/Versions/A/caulk
0x0000000003ad4000 	/usr/lib/libAudioStatistics.dylib
0x0000000003ad4000 	/System/Library/PrivateFrameworks/SystemPolicy.framework/Versions/A/SystemPolicy
0x0000000003ad4000 	/usr/lib/libSMC.dylib
0x0000000003ad4000 	/System/Library/Frameworks/CoreMIDI.framework/Versions/A/CoreMIDI
0x0000000003ad4000 	/usr/lib/libAudioToolboxUtility.dylib
0x0000000003ad4000 	/System/Library/PrivateFrameworks/OSAServicesClient.framework/Versions/A/OSAServicesClient
0x0000000003ad4000 	/usr/lib/libperfcheck.dylib
0x0000000003ad4000 	/usr/lib/libmis.dylib
0x0000000003ad4000 	/System/Library/Frameworks/OpenGL.framework/Versions/A/Libraries/libGLU.dylib
0x0000000003ad4000 	/System/Library/Frameworks/OpenGL.framework/Versions/A/Libraries/libGFXShared.dylib
0x0000000003ad4000 	/System/Library/Frameworks/OpenGL.framework/Versions/A/Libraries/libGL.dylib
0x0000000003ad4000 	/System/Library/Frameworks/OpenGL.framework/Versions/A/Libraries/libGLImage.dylib
0x0000000003ad4000 	/System/Library/Frameworks/OpenGL.framework/Versions/A/Libraries/libCVMSPluginSupport.dylib
0x0000000003ad4000 	/System/Library/Frameworks/OpenGL.framework/Versions/A/Libraries/libCoreVMClient.dylib
0x0000000003ad4000 	/System/Library/Frameworks/MetalPerformanceShaders.framework/Versions/A/Frameworks/MPSCore.framework/Versions/A/MPSCore
0x0000000003ad4000 	/System/Library/Frameworks/MetalPerformanceShaders.framework/Versions/A/Frameworks/MPSImage.framework/Versions/A/MPSImage
0x0000000003ad4000 	/System/Library/Frameworks/MetalPerformanceShaders.framework/Versions/A/Frameworks/MPSNeuralNetwork.framework/Versions/A/MPSNeuralNetwork
0x0000000003ad4000 	/System/Library/Frameworks/MetalPerformanceShaders.framework/Versions/A/Frameworks/MPSMatrix.framework/Versions/A/MPSMatrix
0x0000000003ad4000 	/System/Library/Frameworks/MetalPerformanceShaders.framework/Versions/A/Frameworks/MPSRayIntersector.framework/Versions/A/MPSRayIntersector
0x0000000003ad4000 	/System/Library/Frameworks/MetalPerformanceShaders.framework/Versions/A/Frameworks/MPSNDArray.framework/Versions/A/MPSNDArray
0x0000000003ad4000 	/System/Library/Frameworks/MetalPerformanceShaders.framework/Versions/A/Frameworks/MPSFunctions.framework/Versions/A/MPSFunctions
0x0000000003ad4000 	/System/Library/PrivateFrameworks/MetalTools.framework/Versions/A/MetalTools
0x0000000003ad4000 	/System/Library/PrivateFrameworks/AggregateDictionary.framework/Versions/A/AggregateDictionary
0x0000000003ad4000 	/usr/lib/libIOReport.dylib
0x0000000003ad4000 	/System/Library/Frameworks/OpenCL.framework/Versions/A/OpenCL
0x0000000003ad4000 	/System/Library/PrivateFrameworks/FaceCore.framework/Versions/A/FaceCore
0x0000000003ad4000 	/System/Library/PrivateFrameworks/GraphVisualizer.framework/Versions/A/GraphVisualizer
0x0000000003ad4000 	/System/Library/PrivateFrameworks/FontServices.framework/Versions/A/FontServices
0x0000000003ad4000 	/System/Library/PrivateFrameworks/OTSVG.framework/Versions/A/OTSVG
0x0000000003ad4000 	/System/Library/Frameworks/ApplicationServices.framework/Versions/A/Frameworks/ATS.framework/Versions/A/Resources/libFontRegistry.dylib
0x0000000003ad4000 	/System/Library/PrivateFrameworks/FontServices.framework/libhvf.dylib
0x0000000003ad4000 	/System/Library/PrivateFrameworks/FontServices.framework/libXTFontStaticRegistryData.dylib
0x0000000003ad4000 	/System/Library/PrivateFrameworks/AppleVA.framework/Versions/A/AppleVA
0x0000000003ad4000 	/System/Library/Frameworks/ApplicationServices.framework/Versions/A/Frameworks/ATS.framework/Versions/A/ATS
0x0000000003ad4000 	/System/Library/Frameworks/ApplicationServices.framework/Versions/A/Frameworks/HIServices.framework/Versions/A/HIServices
0x0000000003ad4000 	/System/Library/Frameworks/ApplicationServices.framework/Versions/A/Frameworks/PrintCore.framework/Versions/A/PrintCore
0x0000000003ad4000 	/System/Library/Frameworks/ApplicationServices.framework/Versions/A/Frameworks/QD.framework/Versions/A/QD
0x0000000003ad4000 	/System/Library/Frameworks/ApplicationServices.framework/Versions/A/Frameworks/ColorSyncLegacy.framework/Versions/A/ColorSyncLegacy
0x0000000003ad4000 	/System/Library/Frameworks/ApplicationServices.framework/Versions/A/Frameworks/SpeechSynthesis.framework/Versions/A/SpeechSynthesis
0x0000000003ad4000 	/System/Library/Frameworks/ApplicationServices.framework/Versions/A/Frameworks/ATSUI.framework/Versions/A/ATSUI
0x0000000003ad4000 	/usr/lib/libcups.2.dylib
0x0000000003ad4000 	/System/Library/Frameworks/Kerberos.framework/Versions/A/Kerberos
0x0000000003ad4000 	/System/Library/Frameworks/GSS.framework/Versions/A/GSS
0x0000000003ad4000 	/usr/lib/libresolv.9.dylib
0x0000000003ad4000 	/System/Library/PrivateFrameworks/Heimdal.framework/Versions/A/Heimdal
0x0000000003ad4000 	/System/Library/Frameworks/Kerberos.framework/Versions/A/Libraries/libHeimdalProxy.dylib
0x0000000003ad4000 	/System/Library/Frameworks/Network.framework/Versions/A/Network
0x0000000003ad4000 	/usr/lib/libheimdal-asn1.dylib
0x0000000003ad4000 	/System/Library/PrivateFrameworks/CommonAuth.framework/Versions/A/CommonAuth
0x0000000003ad4000 	/System/Library/PrivateFrameworks/AudioSession.framework/Versions/A/AudioSession
0x0000000003ad4000 	/System/Library/PrivateFrameworks/MediaExperience.framework/Versions/A/MediaExperience
0x0000000003ad4000 	/System/Library/PrivateFrameworks/AudioSession.framework/libSessionUtility.dylib
0x0000000003ad4000 	/System/Library/PrivateFrameworks/AudioResourceArbitration.framework/Versions/A/AudioResourceArbitration
0x0000000003ad4000 	/System/Library/PrivateFrameworks/PowerLog.framework/Versions/A/PowerLog
0x0000000003ad4000 	/System/Library/PrivateFrameworks/IconFoundation.framework/Versions/A/IconFoundation
0x0000000003ad4000 	/System/Library/PrivateFrameworks/SpeechRecognitionCore.framework/Versions/A/SpeechRecognitionCore
0x000000010b7f0000 	/Library/Java/JavaVirtualMachines/jdk1.8.0_111.jdk/Contents/Home/jre/lib/server/libjvm.dylib
0x0000000003ad4000 	/usr/lib/libstdc++.6.dylib
0x000000010a89c000 	/Library/Java/JavaVirtualMachines/jdk1.8.0_111.jdk/Contents/Home/jre/lib/libverify.dylib
0x000000010a8f0000 	/Library/Java/JavaVirtualMachines/jdk1.8.0_111.jdk/Contents/Home/jre/lib/libjava.dylib
0x000000010a8cc000 	/Library/Java/JavaVirtualMachines/jdk1.8.0_111.jdk/Contents/Home/jre/lib/libzip.dylib
0x0000000003ad4000 	/System/Library/Frameworks/JavaRuntimeSupport.framework/Versions/A/JavaRuntimeSupport
0x0000000003ad4000 	/System/Library/Frameworks/Carbon.framework/Versions/A/Carbon
0x0000000003ad4000 	/System/Library/PrivateFrameworks/CoreSymbolication.framework/Versions/A/CoreSymbolication
0x0000000003ad4000 	/System/Library/Frameworks/Carbon.framework/Versions/A/Frameworks/CommonPanels.framework/Versions/A/CommonPanels
0x0000000003ad4000 	/System/Library/Frameworks/Carbon.framework/Versions/A/Frameworks/Help.framework/Versions/A/Help
0x0000000003ad4000 	/System/Library/Frameworks/Carbon.framework/Versions/A/Frameworks/ImageCapture.framework/Versions/A/ImageCapture
0x0000000003ad4000 	/System/Library/Frameworks/Carbon.framework/Versions/A/Frameworks/OpenScripting.framework/Versions/A/OpenScripting
0x0000000003ad4000 	/System/Library/Frameworks/Carbon.framework/Versions/A/Frameworks/Ink.framework/Versions/A/Ink
0x0000000003ad4000 	/System/Library/Frameworks/Carbon.framework/Versions/A/Frameworks/Print.framework/Versions/A/Print
0x0000000003ad4000 	/System/Library/Frameworks/Carbon.framework/Versions/A/Frameworks/SecurityHI.framework/Versions/A/SecurityHI
0x0000000003ad4000 	/System/Library/PrivateFrameworks/DebugSymbols.framework/Versions/A/DebugSymbols
0x0000000123078000 	/Library/Java/JavaVirtualMachines/jdk1.8.0_111.jdk/Contents/Home/jre/lib/libprism_es2.dylib
0x0000000003ad4000 	/System/Library/PrivateFrameworks/CoreServicesInternal.framework/Versions/A/CoreServicesInternal
0x0000000003ad4000 	/System/Library/Frameworks/OpenGL.framework/Versions/A/Resources/GLEngine.bundle/GLEngine
0x0000000003ad4000 	/System/Library/Frameworks/OpenGL.framework/Versions/A/Libraries/libGLProgrammability.dylib
0x0000000123a36000 	/System/Library/Extensions/AppleMetalOpenGLRenderer.bundle/Contents/MacOS/AppleMetalOpenGLRenderer
0x0000000003ad4000 	/System/Library/Frameworks/OpenGL.framework/Versions/A/Resources/GLRendererFloat.bundle/GLRendererFloat
0x0000000003ad4000 	/System/Library/Extensions/AGXMetal13_3.bundle/Contents/MacOS/AGXMetal13_3
0x0000000003ad4000 	/System/Library/PrivateFrameworks/GPURawCounter.framework/Versions/A/GPURawCounter
0x0000000003ad4000 	/System/Library/PrivateFrameworks/IOGPU.framework/Versions/A/IOGPU
0x0000000123bba000 	/Library/Java/JavaVirtualMachines/jdk1.8.0_111.jdk/Contents/Home/jre/lib/libglass.dylib
0x0000000003ad4000 	/System/Library/Frameworks/FileProvider.framework/Versions/A/FileProvider
0x0000000003ad4000 	/System/Library/Frameworks/Accounts.framework/Versions/A/Accounts
0x0000000003ad4000 	/System/Library/PrivateFrameworks/GenerationalStorage.framework/Versions/A/GenerationalStorage
0x0000000003ad4000 	/System/Library/PrivateFrameworks/SymptomDiagnosticReporter.framework/Versions/A/SymptomDiagnosticReporter
0x0000000003ad4000 	/System/Library/PrivateFrameworks/DesktopServicesPriv.framework/Versions/A/DesktopServicesPriv
0x0000000003ad4000 	/usr/lib/libsandbox.1.dylib
0x0000000003ad4000 	/System/Library/PrivateFrameworks/UserManagement.framework/Versions/A/UserManagement
0x0000000003ad4000 	/System/Library/PrivateFrameworks/NetAuth.framework/Versions/A/NetAuth
0x0000000003ad4000 	/System/Library/PrivateFrameworks/Sharing.framework/Versions/A/Sharing
0x0000000003ad4000 	/System/Library/PrivateFrameworks/login.framework/Versions/A/Frameworks/loginsupport.framework/Versions/A/loginsupport
0x0000000003ad4000 	/System/Library/PrivateFrameworks/Apple80211.framework/Versions/A/Apple80211
0x0000000003ad4000 	/System/Library/PrivateFrameworks/AuthKit.framework/Versions/A/AuthKit
0x0000000003ad4000 	/System/Library/PrivateFrameworks/CoreUtils.framework/Versions/A/CoreUtils
0x0000000003ad4000 	/System/Library/Frameworks/CoreWLAN.framework/Versions/A/CoreWLAN
0x0000000003ad4000 	/System/Library/Frameworks/IOBluetooth.framework/Versions/A/IOBluetooth
0x0000000003ad4000 	/System/Library/PrivateFrameworks/CoreWiFi.framework/Versions/A/CoreWiFi
0x0000000003ad4000 	/System/Library/PrivateFrameworks/FrontBoardServices.framework/Versions/A/FrontBoardServices
0x0000000003ad4000 	/System/Library/PrivateFrameworks/BoardServices.framework/Versions/A/BoardServices
0x0000000003ad4000 	/System/Library/PrivateFrameworks/AssertionServices.framework/Versions/A/AssertionServices
0x0000000003ad4000 	/System/Library/PrivateFrameworks/BackBoardServices.framework/Versions/A/BackBoardServices
0x0000000003ad4000 	/System/Library/PrivateFrameworks/CorePhoneNumbers.framework/Versions/A/CorePhoneNumbers
0x0000000003ad4000 	/System/Library/PrivateFrameworks/DiskManagement.framework/Versions/A/DiskManagement
0x0000000003ad4000 	/System/Library/PrivateFrameworks/AppleIDAuthSupport.framework/Versions/A/AppleIDAuthSupport
0x0000000003ad4000 	/System/Library/PrivateFrameworks/AAAFoundation.framework/Versions/A/AAAFoundation
0x0000000003ad4000 	/System/Library/PrivateFrameworks/KeychainCircle.framework/Versions/A/KeychainCircle
0x0000000003ad4000 	/System/Library/PrivateFrameworks/MediaKit.framework/Versions/A/MediaKit
0x0000000003ad4000 	/System/Library/Frameworks/DiscRecording.framework/Versions/A/DiscRecording
0x0000000003ad4000 	/usr/lib/libCoreStorage.dylib
0x0000000003ad4000 	/usr/lib/libcsfde.dylib
0x0000000003ad4000 	/System/Library/PrivateFrameworks/ProtectedCloudStorage.framework/Versions/A/ProtectedCloudStorage
0x0000000003ad4000 	/System/Library/PrivateFrameworks/EFILogin.framework/Versions/A/EFILogin
0x0000000003ad4000 	/System/Library/PrivateFrameworks/OctagonTrust.framework/Versions/A/OctagonTrust
0x0000000003ad4000 	/System/Library/PrivateFrameworks/CoreUtilsExtras.framework/Versions/A/CoreUtilsExtras
0x0000000003ad4000 	/System/Library/Frameworks/CoreBluetooth.framework/Versions/A/CoreBluetooth
0x0000000003ad4000 	/System/Library/Frameworks/AudioUnit.framework/Versions/A/AudioUnit
0x0000000003ad4000 	/usr/lib/libMatch.1.dylib
0x0000000003ad4000 	/System/Library/Frameworks/Accelerate.framework/Versions/A/Frameworks/vImage.framework/Versions/A/Libraries/libCGInterfaces.dylib
0x0000000125559000 	/usr/lib/libobjc-trampolines.dylib
0x0000000003ad4000 	/System/Library/PrivateFrameworks/FamilyControls.framework/Versions/A/FamilyControls
0x0000000003ad4000 	/System/Library/PrivateFrameworks/CommerceKit.framework/Versions/A/Frameworks/CommerceCore.framework/Versions/A/CommerceCore
0x0000000003ad4000 	/System/Library/PrivateFrameworks/SystemAdministration.framework/Versions/A/SystemAdministration
0x0000000003ad4000 	/System/Library/PrivateFrameworks/AppContainer.framework/Versions/A/AppContainer
0x0000000003ad4000 	/System/Library/PrivateFrameworks/SecCodeWrapper.framework/Versions/A/SecCodeWrapper
0x0000000003ad4000 	/System/Library/PrivateFrameworks/CrashReporterSupport.framework/Versions/A/CrashReporterSupport
0x0000000003ad4000 	/System/Library/PrivateFrameworks/OSAnalytics.framework/Versions/A/OSAnalytics
0x0000000003ad4000 	/System/Library/PrivateFrameworks/Symbolication.framework/Versions/A/Symbolication
0x0000000003ad4000 	/System/Library/PrivateFrameworks/MallocStackLogging.framework/Versions/A/MallocStackLogging
0x0000000003ad4000 	/System/Library/PrivateFrameworks/login.framework/Versions/A/login
0x0000000003ad4000 	/System/Library/Frameworks/MediaToolbox.framework/Versions/A/MediaToolbox
0x0000000003ad4000 	/System/Library/Frameworks/DirectoryService.framework/Versions/A/DirectoryService
0x0000000003ad4000 	/System/Library/PrivateFrameworks/DiskImages.framework/Versions/A/DiskImages
0x0000000003ad4000 	/System/Library/Frameworks/ServiceManagement.framework/Versions/A/ServiceManagement
0x0000000003ad4000 	/System/Library/PrivateFrameworks/LoginUIKit.framework/Versions/A/Frameworks/LoginUICore.framework/Versions/A/LoginUICore
0x0000000003ad4000 	/usr/lib/libodfde.dylib
0x0000000003ad4000 	/System/Library/PrivateFrameworks/CoreAVCHD.framework/Versions/A/CoreAVCHD
0x0000000003ad4000 	/System/Library/Frameworks/MediaAccessibility.framework/Versions/A/MediaAccessibility
0x0000000003ad4000 	/System/Library/PrivateFrameworks/Mangrove.framework/Versions/A/Mangrove
0x0000000003ad4000 	/System/Library/PrivateFrameworks/AlgosScoreFramework.framework/Versions/A/AlgosScoreFramework
0x0000000003ad4000 	/System/Library/PrivateFrameworks/CMPhoto.framework/Versions/A/CMPhoto
0x0000000003ad4000 	/System/Library/PrivateFrameworks/AppleVPA.framework/Versions/A/AppleVPA
0x0000000003ad4000 	/System/Library/PrivateFrameworks/CoreAUC.framework/Versions/A/CoreAUC
0x0000000003ad4000 	/usr/lib/libcurl.4.dylib
0x0000000003ad4000 	/usr/lib/libcrypto.44.dylib
0x0000000003ad4000 	/usr/lib/libssl.46.dylib
0x0000000003ad4000 	/System/Library/Frameworks/LDAP.framework/Versions/A/LDAP
0x0000000003ad4000 	/System/Library/PrivateFrameworks/TrustEvaluationAgent.framework/Versions/A/TrustEvaluationAgent
0x0000000003ad4000 	/usr/lib/libsasl2.2.dylib
0x0000000003ad4000 	/System/Library/PrivateFrameworks/CoreDaemon.framework/Versions/B/CoreDaemon
0x0000000003ad4000 	/System/Library/PrivateFrameworks/AppleSRP.framework/Versions/A/AppleSRP
0x0000000003ad4000 	/System/Library/PrivateFrameworks/ViewBridge.framework/Versions/A/ViewBridge
0x0000000003ad4000 	/usr/lib/libRosetta.dylib
0x0000000126fc6000 	/Library/Java/JavaVirtualMachines/jdk1.8.0_111.jdk/Contents/Home/jre/lib/libjavafx_font.dylib
0x0000000129792000 	/Library/Java/JavaVirtualMachines/jdk1.8.0_111.jdk/Contents/Home/jre/lib/libprism_common.dylib
0x000000012cfd4000 	/Library/Java/JavaVirtualMachines/jdk1.8.0_111.jdk/Contents/Home/jre/lib/libnet.dylib

VM Arguments:
jvm_args: -Dfile.encoding=UTF-8 
java_command: GUI.TestFxml
java_class_path (initial): /Applications/NetBeans/NetBeans 8.2.app/Contents/Resources/NetBeans/ide/modules/ext/mysql-connector-java-5.1.23-bin.jar:/Users/mohamedabbes/Downloads/okhttp-2.7.5.jar:/Users/mohamedabbes/Downloads/okio-2.4.0.jar:/Users/mohamedabbes/Downloads/kotlin-stdlib-1.3.50.jar:/Users/mohamedabbes/Downloads/kotlin-stdlib-common-1.3.50.jar:/Users/mohamedabbes/Downloads/java-json.jar:/Users/mohamedabbes/Desktop/pidevv/ggesport/ggesports/build/classes
Launcher Type: SUN_STANDARD

Environment Variables:
PATH=/usr/bin:/bin:/usr/sbin:/sbin
LD_LIBRARY_PATH=/Library/Java/JavaVirtualMachines/jdk1.8.0_111.jdk/Contents/Home/jre/lib/amd64:/Library/Java/JavaVirtualMachines/jdk1.8.0_111.jdk/Contents/Home/jre/lib/i386:
SHELL=/bin/zsh

Signal Handlers:
SIGSEGV: [libjvm.dylib+0x5b03ed], sa_mask[0]=11111111111111111111111111111111, sa_flags=SA_ONSTACK|SA_RESTART|SA_SIGINFO
SIGBUS: [libjvm.dylib+0x5b03ed], sa_mask[0]=11111111111111111111111111111111, sa_flags=SA_RESTART|SA_SIGINFO
SIGFPE: [libjvm.dylib+0x48711c], sa_mask[0]=11111111111111111111111111111111, sa_flags=SA_RESTART|SA_SIGINFO
SIGPIPE: [libjvm.dylib+0x48711c], sa_mask[0]=11111111111111111111111111111111, sa_flags=SA_RESTART|SA_SIGINFO
SIGXFSZ: [libjvm.dylib+0x48711c], sa_mask[0]=11111111111111111111111111111111, sa_flags=SA_RESTART|SA_SIGINFO
SIGILL: [libjvm.dylib+0x48711c], sa_mask[0]=11111111111111111111111111111111, sa_flags=SA_RESTART|SA_SIGINFO
SIGUSR1: SIG_DFL, sa_mask[0]=11111111011111110111111111111111, sa_flags=none
SIGUSR2: [libjvm.dylib+0x486c3a], sa_mask[0]=00100000000000000000000000000000, sa_flags=SA_RESTART|SA_SIGINFO
SIGHUP: [libjvm.dylib+0x485211], sa_mask[0]=11111111111111111111111111111111, sa_flags=SA_RESTART|SA_SIGINFO
SIGINT: SIG_IGN, sa_mask[0]=11111111011111110111111111111111, sa_flags=none
SIGTERM: [libjvm.dylib+0x485211], sa_mask[0]=11111111111111111111111111111111, sa_flags=SA_RESTART|SA_SIGINFO
SIGQUIT: [libjvm.dylib+0x485211], sa_mask[0]=11111111111111111111111111111111, sa_flags=SA_RESTART|SA_SIGINFO


---------------  S Y S T E M  ---------------

OS:Bsduname:Darwin 21.3.0 Darwin Kernel Version 21.3.0: Wed Jan  5 21:37:58 PST 2022; root:xnu-8019.80.24~20/RELEASE_ARM64_T8101 x86_64
rlimit: STACK 8176k, CORE 0k, NPROC 1333, NOFILE 10240, AS infinity
load average:3.30 2.93 2.56

CPU:total 8 (1 cores per cpu, 1 threads per core) family 6 model 44 stepping 0, cmov, cx8, fxsr, mmx, sse, sse2, sse3, ssse3, sse4.1, sse4.2, popcnt, aes, clmul, tsc, tscinvbit, tscinv

Memory: 4k page, physical 8388608k(17824k free)

/proc/meminfo:


vm_info: Java HotSpot(TM) 64-Bit Server VM (25.111-b14) for bsd-amd64 JRE (1.8.0_111-b14), built on Sep 22 2016 15:31:41 by "java_re" with gcc 4.2.1 (Based on Apple Inc. build 5658) (LLVM build 2336.11.00)

time: Thu Mar 10 02:12:42 2022
elapsed time: 53 seconds (0d 0h 0m 53s)

